{"C:\\Users\\x47th\\OneDrive\\Desktop\\biiiiiiiiiiiiigggggggggg labbbbbbbbbbbbb\\project-horizon\\src\\app.controller.ts": {"path":"C:\\Users\\x47th\\OneDrive\\Desktop\\biiiiiiiiiiiiigggggggggg labbbbbbbbbbbbb\\project-horizon\\src\\app.controller.ts","statementMap":{"0":{"start":{"line":1,"column":0},"end":{"line":1,"column":49}},"1":{"start":{"line":2,"column":0},"end":{"line":2,"column":43}},"2":{"start":{"line":5,"column":7},"end":{"line":12,"column":null}},"3":{"start":{"line":6,"column":31},"end":{"line":6,"column":43}},"4":{"start":{"line":10,"column":4},"end":{"line":10,"column":38}},"5":{"start":{"line":5,"column":13},"end":{"line":5,"column":26}},"6":{"start":{"line":9,"column":2},"end":{"line":11,"column":null}},"7":{"start":{"line":5,"column":13},"end":{"line":12,"column":null}}},"fnMap":{"0":{"name":"(anonymous_2)","decl":{"start":{"line":6,"column":2},"end":{"line":6,"column":31}},"loc":{"start":{"line":6,"column":53},"end":{"line":6,"column":57}}},"1":{"name":"(anonymous_3)","decl":{"start":{"line":9,"column":2},"end":{"line":9,"column":10}},"loc":{"start":{"line":9,"column":10},"end":{"line":11,"column":3}}}},"branchMap":{"0":{"loc":{"start":{"line":6,"column":43},"end":{"line":6,"column":56}},"type":"cond-expr","locations":[{"start":{"line":6,"column":53},"end":{"line":6,"column":56}},{"start":{"line":6,"column":53},"end":{"line":6,"column":56}}]},"1":{"loc":{"start":{"line":6,"column":43},"end":{"line":6,"column":53}},"type":"binary-expr","locations":[{"start":{"line":6,"column":43},"end":{"line":6,"column":56}},{"start":{"line":6,"column":43},"end":{"line":6,"column":53}}]}},"s":{"0":1,"1":1,"2":1,"3":1,"4":1,"5":1,"6":1,"7":1},"f":{"0":1,"1":1},"b":{"0":[1,0],"1":[1,1]}}
,"C:\\Users\\x47th\\OneDrive\\Desktop\\biiiiiiiiiiiiigggggggggg labbbbbbbbbbbbb\\project-horizon\\src\\app.service.ts": {"path":"C:\\Users\\x47th\\OneDrive\\Desktop\\biiiiiiiiiiiiigggggggggg labbbbbbbbbbbbb\\project-horizon\\src\\app.service.ts","statementMap":{"0":{"start":{"line":1,"column":0},"end":{"line":1,"column":44}},"1":{"start":{"line":4,"column":7},"end":{"line":8,"column":null}},"2":{"start":{"line":6,"column":4},"end":{"line":6,"column":26}},"3":{"start":{"line":4,"column":13},"end":{"line":4,"column":23}},"4":{"start":{"line":4,"column":13},"end":{"line":8,"column":null}}},"fnMap":{"0":{"name":"(anonymous_1)","decl":{"start":{"line":5,"column":2},"end":{"line":5,"column":10}},"loc":{"start":{"line":5,"column":10},"end":{"line":7,"column":3}}}},"branchMap":{},"s":{"0":1,"1":1,"2":1,"3":1,"4":1},"f":{"0":1},"b":{}}
,"C:\\Users\\x47th\\OneDrive\\Desktop\\biiiiiiiiiiiiigggggggggg labbbbbbbbbbbbb\\project-horizon\\src\\auth\\auth.controller.ts": {"path":"C:\\Users\\x47th\\OneDrive\\Desktop\\biiiiiiiiiiiiigggggggggg labbbbbbbbbbbbb\\project-horizon\\src\\auth\\auth.controller.ts","statementMap":{"0":{"start":{"line":1,"column":0},"end":{"line":1,"column":56}},"1":{"start":{"line":2,"column":0},"end":{"line":2,"column":45}},"2":{"start":{"line":5,"column":7},"end":{"line":17,"column":null}},"3":{"start":{"line":6,"column":31},"end":{"line":6,"column":37}},"4":{"start":{"line":10,"column":4},"end":{"line":10,"column":81}},"5":{"start":{"line":15,"column":4},"end":{"line":15,"column":52}},"6":{"start":{"line":5,"column":13},"end":{"line":5,"column":27}},"7":{"start":{"line":9,"column":8},"end":{"line":11,"column":null}},"8":{"start":{"line":14,"column":8},"end":{"line":16,"column":null}},"9":{"start":{"line":5,"column":13},"end":{"line":17,"column":null}}},"fnMap":{"0":{"name":"(anonymous_4)","decl":{"start":{"line":6,"column":2},"end":{"line":6,"column":31}},"loc":{"start":{"line":6,"column":48},"end":{"line":6,"column":52}}},"1":{"name":"(anonymous_5)","decl":{"start":{"line":9,"column":8},"end":{"line":9,"column":16}},"loc":{"start":{"line":9,"column":99},"end":{"line":11,"column":3}}},"2":{"name":"(anonymous_6)","decl":{"start":{"line":14,"column":8},"end":{"line":14,"column":13}},"loc":{"start":{"line":14,"column":62},"end":{"line":16,"column":3}}}},"branchMap":{"0":{"loc":{"start":{"line":6,"column":37},"end":{"line":6,"column":51}},"type":"cond-expr","locations":[{"start":{"line":6,"column":48},"end":{"line":6,"column":51}},{"start":{"line":6,"column":48},"end":{"line":6,"column":51}}]},"1":{"loc":{"start":{"line":6,"column":37},"end":{"line":6,"column":48}},"type":"binary-expr","locations":[{"start":{"line":6,"column":37},"end":{"line":6,"column":51}},{"start":{"line":6,"column":37},"end":{"line":6,"column":48}}]}},"s":{"0":0,"1":0,"2":0,"3":0,"4":0,"5":0,"6":0,"7":0,"8":0,"9":0},"f":{"0":0,"1":0,"2":0},"b":{"0":[0,0],"1":[0,0]}}
,"C:\\Users\\x47th\\OneDrive\\Desktop\\biiiiiiiiiiiiigggggggggg labbbbbbbbbbbbb\\project-horizon\\src\\auth\\auth.service.ts": {"path":"C:\\Users\\x47th\\OneDrive\\Desktop\\biiiiiiiiiiiiigggggggggg labbbbbbbbbbbbb\\project-horizon\\src\\auth\\auth.service.ts","statementMap":{"0":{"start":{"line":1,"column":0},"end":{"line":1,"column":67}},"1":{"start":{"line":2,"column":0},"end":{"line":2,"column":41}},"2":{"start":{"line":3,"column":0},"end":{"line":3,"column":57}},"3":{"start":{"line":4,"column":0},"end":{"line":4,"column":33}},"4":{"start":{"line":7,"column":7},"end":{"line":34,"column":null}},"5":{"start":{"line":9,"column":12},"end":{"line":9,"column":20}},"6":{"start":{"line":10,"column":12},"end":{"line":10,"column":17}},"7":{"start":{"line":14,"column":17},"end":{"line":14,"column":48}},"8":{"start":{"line":15,"column":19},"end":{"line":15,"column":82}},"9":{"start":{"line":16,"column":17},"end":{"line":18,"column":6}},"10":{"start":{"line":19,"column":4},"end":{"line":19,"column":28}},"11":{"start":{"line":23,"column":17},"end":{"line":23,"column":72}},"12":{"start":{"line":24,"column":4},"end":{"line":24,"column":70}},"13":{"start":{"line":24,"column":15},"end":{"line":24,"column":70}},"14":{"start":{"line":25,"column":18},"end":{"line":25,"column":63}},"15":{"start":{"line":26,"column":4},"end":{"line":26,"column":71}},"16":{"start":{"line":26,"column":16},"end":{"line":26,"column":71}},"17":{"start":{"line":27,"column":4},"end":{"line":27,"column":28}},"18":{"start":{"line":31,"column":20},"end":{"line":31,"column":80}},"19":{"start":{"line":32,"column":4},"end":{"line":32,"column":77}},"20":{"start":{"line":7,"column":13},"end":{"line":7,"column":24}},"21":{"start":{"line":7,"column":13},"end":{"line":34,"column":null}}},"fnMap":{"0":{"name":"(anonymous_11)","decl":{"start":{"line":8,"column":2},"end":{"line":8,"column":null}},"loc":{"start":{"line":10,"column":27},"end":{"line":11,"column":6}}},"1":{"name":"(anonymous_12)","decl":{"start":{"line":13,"column":2},"end":{"line":13,"column":7}},"loc":{"start":{"line":13,"column":82},"end":{"line":20,"column":3}}},"2":{"name":"(anonymous_13)","decl":{"start":{"line":22,"column":2},"end":{"line":22,"column":7}},"loc":{"start":{"line":22,"column":45},"end":{"line":28,"column":3}}},"3":{"name":"(anonymous_14)","decl":{"start":{"line":30,"column":10},"end":{"line":30,"column":15}},"loc":{"start":{"line":30,"column":25},"end":{"line":33,"column":3}}}},"branchMap":{"0":{"loc":{"start":{"line":24,"column":4},"end":{"line":24,"column":70}},"type":"if","locations":[{"start":{"line":24,"column":4},"end":{"line":24,"column":70}},{"start":{},"end":{}}]},"1":{"loc":{"start":{"line":26,"column":4},"end":{"line":26,"column":71}},"type":"if","locations":[{"start":{"line":26,"column":4},"end":{"line":26,"column":71}},{"start":{},"end":{}}]},"2":{"loc":{"start":{"line":9,"column":20},"end":{"line":9,"column":null}},"type":"cond-expr","locations":[{"start":{"line":9,"column":33},"end":{"line":9,"column":null}},{"start":{"line":9,"column":33},"end":{"line":9,"column":null}}]},"3":{"loc":{"start":{"line":9,"column":20},"end":{"line":9,"column":33}},"type":"binary-expr","locations":[{"start":{"line":9,"column":20},"end":{"line":9,"column":null}},{"start":{"line":9,"column":20},"end":{"line":9,"column":33}}]},"4":{"loc":{"start":{"line":9,"column":33},"end":{"line":10,"column":null}},"type":"cond-expr","locations":[{"start":{"line":10,"column":27},"end":{"line":10,"column":null}},{"start":{"line":10,"column":27},"end":{"line":10,"column":null}}]},"5":{"loc":{"start":{"line":9,"column":33},"end":{"line":10,"column":27}},"type":"binary-expr","locations":[{"start":{"line":9,"column":33},"end":{"line":10,"column":null}},{"start":{"line":10,"column":17},"end":{"line":10,"column":27}}]}},"s":{"0":1,"1":1,"2":1,"3":1,"4":1,"5":2,"6":2,"7":1,"8":1,"9":1,"10":1,"11":0,"12":0,"13":0,"14":0,"15":0,"16":0,"17":0,"18":1,"19":1,"20":1,"21":1},"f":{"0":2,"1":1,"2":0,"3":1},"b":{"0":[0,0],"1":[0,0],"2":[1,0],"3":[1,1],"4":[1,0],"5":[1,1]}}
,"C:\\Users\\x47th\\OneDrive\\Desktop\\biiiiiiiiiiiiigggggggggg labbbbbbbbbbbbb\\project-horizon\\src\\auth\\jwt.strategy.ts": {"path":"C:\\Users\\x47th\\OneDrive\\Desktop\\biiiiiiiiiiiiigggggggggg labbbbbbbbbbbbb\\project-horizon\\src\\auth\\jwt.strategy.ts","statementMap":{"0":{"start":{"line":1,"column":0},"end":{"line":1,"column":44}},"1":{"start":{"line":2,"column":0},"end":{"line":2,"column":52}},"2":{"start":{"line":3,"column":0},"end":{"line":3,"column":52}},"3":{"start":{"line":6,"column":7},"end":{"line":17,"column":null}},"4":{"start":{"line":8,"column":4},"end":{"line":11,"column":7}},"5":{"start":{"line":15,"column":4},"end":{"line":15,"column":81}},"6":{"start":{"line":6,"column":13},"end":{"line":6,"column":24}},"7":{"start":{"line":6,"column":13},"end":{"line":17,"column":null}}},"fnMap":{"0":{"name":"(anonymous_2)","decl":{"start":{"line":7,"column":2},"end":{"line":7,"column":null}},"loc":{"start":{"line":7,"column":2},"end":{"line":12,"column":3}}},"1":{"name":"(anonymous_3)","decl":{"start":{"line":14,"column":2},"end":{"line":14,"column":7}},"loc":{"start":{"line":14,"column":29},"end":{"line":16,"column":3}}}},"branchMap":{"0":{"loc":{"start":{"line":10,"column":19},"end":{"line":10,"column":61}},"type":"binary-expr","locations":[{"start":{"line":10,"column":19},"end":{"line":10,"column":41}},{"start":{"line":10,"column":45},"end":{"line":10,"column":61}}]}},"s":{"0":0,"1":0,"2":0,"3":0,"4":0,"5":0,"6":0,"7":0},"f":{"0":0,"1":0},"b":{"0":[0,0]}}
,"C:\\Users\\x47th\\OneDrive\\Desktop\\biiiiiiiiiiiiigggggggggg labbbbbbbbbbbbb\\project-horizon\\src\\crm\\company.controller.ts": {"path":"C:\\Users\\x47th\\OneDrive\\Desktop\\biiiiiiiiiiiiigggggggggg labbbbbbbbbbbbb\\project-horizon\\src\\crm\\company.controller.ts","statementMap":{"0":{"start":{"line":1,"column":0},"end":{"line":1,"column":97}},"1":{"start":{"line":2,"column":0},"end":{"line":2,"column":57}},"2":{"start":{"line":3,"column":0},"end":{"line":3,"column":53}},"3":{"start":{"line":4,"column":0},"end":{"line":4,"column":45}},"4":{"start":{"line":8,"column":7},"end":{"line":37,"column":null}},"5":{"start":{"line":9,"column":22},"end":{"line":9,"column":30}},"6":{"start":{"line":13,"column":4},"end":{"line":13,"column":121}},"7":{"start":{"line":18,"column":4},"end":{"line":18,"column":126}},"8":{"start":{"line":23,"column":4},"end":{"line":23,"column":84}},"9":{"start":{"line":28,"column":4},"end":{"line":28,"column":90}},"10":{"start":{"line":29,"column":4},"end":{"line":29,"column":68}},"11":{"start":{"line":34,"column":4},"end":{"line":34,"column":90}},"12":{"start":{"line":35,"column":4},"end":{"line":35,"column":57}},"13":{"start":{"line":8,"column":13},"end":{"line":8,"column":30}},"14":{"start":{"line":12,"column":8},"end":{"line":14,"column":null}},"15":{"start":{"line":17,"column":8},"end":{"line":19,"column":null}},"16":{"start":{"line":22,"column":8},"end":{"line":24,"column":null}},"17":{"start":{"line":27,"column":8},"end":{"line":30,"column":null}},"18":{"start":{"line":33,"column":8},"end":{"line":36,"column":null}},"19":{"start":{"line":8,"column":13},"end":{"line":37,"column":null}}},"fnMap":{"0":{"name":"(anonymous_4)","decl":{"start":{"line":9,"column":2},"end":{"line":9,"column":22}},"loc":{"start":{"line":9,"column":43},"end":{"line":9,"column":47}}},"1":{"name":"(anonymous_5)","decl":{"start":{"line":12,"column":8},"end":{"line":12,"column":15}},"loc":{"start":{"line":12,"column":31},"end":{"line":14,"column":3}}},"2":{"name":"(anonymous_6)","decl":{"start":{"line":17,"column":8},"end":{"line":17,"column":15}},"loc":{"start":{"line":17,"column":56},"end":{"line":19,"column":3}}},"3":{"name":"(anonymous_7)","decl":{"start":{"line":22,"column":8},"end":{"line":22,"column":14}},"loc":{"start":{"line":22,"column":112},"end":{"line":24,"column":3}}},"4":{"name":"(anonymous_8)","decl":{"start":{"line":27,"column":8},"end":{"line":27,"column":14}},"loc":{"start":{"line":27,"column":73},"end":{"line":30,"column":3}}},"5":{"name":"(anonymous_9)","decl":{"start":{"line":33,"column":8},"end":{"line":33,"column":14}},"loc":{"start":{"line":33,"column":55},"end":{"line":36,"column":3}}}},"branchMap":{"0":{"loc":{"start":{"line":9,"column":30},"end":{"line":9,"column":46}},"type":"cond-expr","locations":[{"start":{"line":9,"column":43},"end":{"line":9,"column":46}},{"start":{"line":9,"column":43},"end":{"line":9,"column":46}}]},"1":{"loc":{"start":{"line":9,"column":30},"end":{"line":9,"column":43}},"type":"binary-expr","locations":[{"start":{"line":9,"column":30},"end":{"line":9,"column":46}},{"start":{"line":9,"column":30},"end":{"line":9,"column":43}}]}},"s":{"0":0,"1":0,"2":0,"3":0,"4":0,"5":0,"6":0,"7":0,"8":0,"9":0,"10":0,"11":0,"12":0,"13":0,"14":0,"15":0,"16":0,"17":0,"18":0,"19":0},"f":{"0":0,"1":0,"2":0,"3":0,"4":0,"5":0},"b":{"0":[0,0],"1":[0,0]}}
,"C:\\Users\\x47th\\OneDrive\\Desktop\\biiiiiiiiiiiiigggggggggg labbbbbbbbbbbbb\\project-horizon\\src\\crm\\contact.controller.ts": {"path":"C:\\Users\\x47th\\OneDrive\\Desktop\\biiiiiiiiiiiiigggggggggg labbbbbbbbbbbbb\\project-horizon\\src\\crm\\contact.controller.ts","statementMap":{"0":{"start":{"line":1,"column":0},"end":{"line":1,"column":97}},"1":{"start":{"line":2,"column":0},"end":{"line":2,"column":57}},"2":{"start":{"line":3,"column":0},"end":{"line":3,"column":53}},"3":{"start":{"line":4,"column":0},"end":{"line":4,"column":45}},"4":{"start":{"line":8,"column":7},"end":{"line":37,"column":null}},"5":{"start":{"line":9,"column":22},"end":{"line":9,"column":30}},"6":{"start":{"line":13,"column":4},"end":{"line":13,"column":107}},"7":{"start":{"line":18,"column":4},"end":{"line":18,"column":112}},"8":{"start":{"line":23,"column":4},"end":{"line":23,"column":84}},"9":{"start":{"line":28,"column":4},"end":{"line":28,"column":90}},"10":{"start":{"line":29,"column":4},"end":{"line":29,"column":68}},"11":{"start":{"line":34,"column":4},"end":{"line":34,"column":90}},"12":{"start":{"line":35,"column":4},"end":{"line":35,"column":57}},"13":{"start":{"line":8,"column":13},"end":{"line":8,"column":30}},"14":{"start":{"line":12,"column":8},"end":{"line":14,"column":null}},"15":{"start":{"line":17,"column":8},"end":{"line":19,"column":null}},"16":{"start":{"line":22,"column":8},"end":{"line":24,"column":null}},"17":{"start":{"line":27,"column":8},"end":{"line":30,"column":null}},"18":{"start":{"line":33,"column":8},"end":{"line":36,"column":null}},"19":{"start":{"line":8,"column":13},"end":{"line":37,"column":null}}},"fnMap":{"0":{"name":"(anonymous_4)","decl":{"start":{"line":9,"column":2},"end":{"line":9,"column":22}},"loc":{"start":{"line":9,"column":43},"end":{"line":9,"column":47}}},"1":{"name":"(anonymous_5)","decl":{"start":{"line":12,"column":8},"end":{"line":12,"column":15}},"loc":{"start":{"line":12,"column":31},"end":{"line":14,"column":3}}},"2":{"name":"(anonymous_6)","decl":{"start":{"line":17,"column":8},"end":{"line":17,"column":15}},"loc":{"start":{"line":17,"column":56},"end":{"line":19,"column":3}}},"3":{"name":"(anonymous_7)","decl":{"start":{"line":22,"column":8},"end":{"line":22,"column":14}},"loc":{"start":{"line":22,"column":151},"end":{"line":24,"column":3}}},"4":{"name":"(anonymous_8)","decl":{"start":{"line":27,"column":8},"end":{"line":27,"column":14}},"loc":{"start":{"line":27,"column":73},"end":{"line":30,"column":3}}},"5":{"name":"(anonymous_9)","decl":{"start":{"line":33,"column":8},"end":{"line":33,"column":14}},"loc":{"start":{"line":33,"column":55},"end":{"line":36,"column":3}}}},"branchMap":{"0":{"loc":{"start":{"line":9,"column":30},"end":{"line":9,"column":46}},"type":"cond-expr","locations":[{"start":{"line":9,"column":43},"end":{"line":9,"column":46}},{"start":{"line":9,"column":43},"end":{"line":9,"column":46}}]},"1":{"loc":{"start":{"line":9,"column":30},"end":{"line":9,"column":43}},"type":"binary-expr","locations":[{"start":{"line":9,"column":30},"end":{"line":9,"column":46}},{"start":{"line":9,"column":30},"end":{"line":9,"column":43}}]}},"s":{"0":0,"1":0,"2":0,"3":0,"4":0,"5":0,"6":0,"7":0,"8":0,"9":0,"10":0,"11":0,"12":0,"13":0,"14":0,"15":0,"16":0,"17":0,"18":0,"19":0},"f":{"0":0,"1":0,"2":0,"3":0,"4":0,"5":0},"b":{"0":[0,0],"1":[0,0]}}
,"C:\\Users\\x47th\\OneDrive\\Desktop\\biiiiiiiiiiiiigggggggggg labbbbbbbbbbbbb\\project-horizon\\src\\crm\\deal.controller.ts": {"path":"C:\\Users\\x47th\\OneDrive\\Desktop\\biiiiiiiiiiiiigggggggggg labbbbbbbbbbbbb\\project-horizon\\src\\crm\\deal.controller.ts","statementMap":{"0":{"start":{"line":1,"column":0},"end":{"line":1,"column":97}},"1":{"start":{"line":2,"column":0},"end":{"line":2,"column":57}},"2":{"start":{"line":3,"column":0},"end":{"line":3,"column":53}},"3":{"start":{"line":4,"column":0},"end":{"line":4,"column":45}},"4":{"start":{"line":8,"column":7},"end":{"line":37,"column":null}},"5":{"start":{"line":9,"column":22},"end":{"line":9,"column":30}},"6":{"start":{"line":13,"column":4},"end":{"line":13,"column":119}},"7":{"start":{"line":18,"column":4},"end":{"line":18,"column":124}},"8":{"start":{"line":23,"column":4},"end":{"line":23,"column":81}},"9":{"start":{"line":28,"column":4},"end":{"line":28,"column":87}},"10":{"start":{"line":29,"column":4},"end":{"line":29,"column":65}},"11":{"start":{"line":34,"column":4},"end":{"line":34,"column":87}},"12":{"start":{"line":35,"column":4},"end":{"line":35,"column":54}},"13":{"start":{"line":8,"column":13},"end":{"line":8,"column":27}},"14":{"start":{"line":12,"column":8},"end":{"line":14,"column":null}},"15":{"start":{"line":17,"column":8},"end":{"line":19,"column":null}},"16":{"start":{"line":22,"column":8},"end":{"line":24,"column":null}},"17":{"start":{"line":27,"column":8},"end":{"line":30,"column":null}},"18":{"start":{"line":33,"column":8},"end":{"line":36,"column":null}},"19":{"start":{"line":8,"column":13},"end":{"line":37,"column":null}}},"fnMap":{"0":{"name":"(anonymous_4)","decl":{"start":{"line":9,"column":2},"end":{"line":9,"column":22}},"loc":{"start":{"line":9,"column":43},"end":{"line":9,"column":47}}},"1":{"name":"(anonymous_5)","decl":{"start":{"line":12,"column":8},"end":{"line":12,"column":15}},"loc":{"start":{"line":12,"column":31},"end":{"line":14,"column":3}}},"2":{"name":"(anonymous_6)","decl":{"start":{"line":17,"column":8},"end":{"line":17,"column":15}},"loc":{"start":{"line":17,"column":56},"end":{"line":19,"column":3}}},"3":{"name":"(anonymous_7)","decl":{"start":{"line":22,"column":8},"end":{"line":22,"column":14}},"loc":{"start":{"line":22,"column":133},"end":{"line":24,"column":3}}},"4":{"name":"(anonymous_8)","decl":{"start":{"line":27,"column":8},"end":{"line":27,"column":14}},"loc":{"start":{"line":27,"column":73},"end":{"line":30,"column":3}}},"5":{"name":"(anonymous_9)","decl":{"start":{"line":33,"column":8},"end":{"line":33,"column":14}},"loc":{"start":{"line":33,"column":55},"end":{"line":36,"column":3}}}},"branchMap":{"0":{"loc":{"start":{"line":9,"column":30},"end":{"line":9,"column":46}},"type":"cond-expr","locations":[{"start":{"line":9,"column":43},"end":{"line":9,"column":46}},{"start":{"line":9,"column":43},"end":{"line":9,"column":46}}]},"1":{"loc":{"start":{"line":9,"column":30},"end":{"line":9,"column":43}},"type":"binary-expr","locations":[{"start":{"line":9,"column":30},"end":{"line":9,"column":46}},{"start":{"line":9,"column":30},"end":{"line":9,"column":43}}]}},"s":{"0":0,"1":0,"2":0,"3":0,"4":0,"5":0,"6":0,"7":0,"8":0,"9":0,"10":0,"11":0,"12":0,"13":0,"14":0,"15":0,"16":0,"17":0,"18":0,"19":0},"f":{"0":0,"1":0,"2":0,"3":0,"4":0,"5":0},"b":{"0":[0,0],"1":[0,0]}}
,"C:\\Users\\x47th\\OneDrive\\Desktop\\biiiiiiiiiiiiigggggggggg labbbbbbbbbbbbb\\project-horizon\\src\\health\\health.controller.ts": {"path":"C:\\Users\\x47th\\OneDrive\\Desktop\\biiiiiiiiiiiiigggggggggg labbbbbbbbbbbbb\\project-horizon\\src\\health\\health.controller.ts","statementMap":{"0":{"start":{"line":1,"column":0},"end":{"line":1,"column":49}},"1":{"start":{"line":2,"column":0},"end":{"line":2,"column":42}},"2":{"start":{"line":3,"column":0},"end":{"line":3,"column":57}},"3":{"start":{"line":7,"column":7},"end":{"line":29,"column":null}},"4":{"start":{"line":8,"column":22},"end":{"line":8,"column":30}},"5":{"start":{"line":12,"column":4},"end":{"line":12,"column":91}},"6":{"start":{"line":17,"column":4},"end":{"line":22,"column":5}},"7":{"start":{"line":18,"column":6},"end":{"line":18,"column":44}},"8":{"start":{"line":19,"column":6},"end":{"line":19,"column":56}},"9":{"start":{"line":21,"column":6},"end":{"line":21,"column":63}},"10":{"start":{"line":27,"column":4},"end":{"line":27,"column":31}},"11":{"start":{"line":7,"column":13},"end":{"line":7,"column":29}},"12":{"start":{"line":11,"column":2},"end":{"line":13,"column":null}},"13":{"start":{"line":16,"column":8},"end":{"line":23,"column":null}},"14":{"start":{"line":26,"column":2},"end":{"line":28,"column":null}},"15":{"start":{"line":7,"column":13},"end":{"line":29,"column":null}}},"fnMap":{"0":{"name":"(anonymous_2)","decl":{"start":{"line":8,"column":2},"end":{"line":8,"column":22}},"loc":{"start":{"line":8,"column":43},"end":{"line":8,"column":47}}},"1":{"name":"(anonymous_3)","decl":{"start":{"line":11,"column":2},"end":{"line":11,"column":8}},"loc":{"start":{"line":11,"column":8},"end":{"line":13,"column":3}}},"2":{"name":"(anonymous_4)","decl":{"start":{"line":16,"column":8},"end":{"line":16,"column":13}},"loc":{"start":{"line":16,"column":13},"end":{"line":23,"column":3}}},"3":{"name":"(anonymous_5)","decl":{"start":{"line":26,"column":2},"end":{"line":26,"column":6}},"loc":{"start":{"line":26,"column":6},"end":{"line":28,"column":3}}}},"branchMap":{"0":{"loc":{"start":{"line":8,"column":30},"end":{"line":8,"column":46}},"type":"cond-expr","locations":[{"start":{"line":8,"column":43},"end":{"line":8,"column":46}},{"start":{"line":8,"column":43},"end":{"line":8,"column":46}}]},"1":{"loc":{"start":{"line":8,"column":30},"end":{"line":8,"column":43}},"type":"binary-expr","locations":[{"start":{"line":8,"column":30},"end":{"line":8,"column":46}},{"start":{"line":8,"column":30},"end":{"line":8,"column":43}}]}},"s":{"0":0,"1":0,"2":0,"3":0,"4":0,"5":0,"6":0,"7":0,"8":0,"9":0,"10":0,"11":0,"12":0,"13":0,"14":0,"15":0},"f":{"0":0,"1":0,"2":0,"3":0},"b":{"0":[0,0],"1":[0,0]}}
,"C:\\Users\\x47th\\OneDrive\\Desktop\\biiiiiiiiiiiiigggggggggg labbbbbbbbbbbbb\\project-horizon\\src\\prisma\\prisma.service.ts": {"path":"C:\\Users\\x47th\\OneDrive\\Desktop\\biiiiiiiiiiiiigggggggggg labbbbbbbbbbbbb\\project-horizon\\src\\prisma\\prisma.service.ts","statementMap":{"0":{"start":{"line":1,"column":0},"end":{"line":1,"column":75}},"1":{"start":{"line":2,"column":0},"end":{"line":2,"column":46}},"2":{"start":{"line":5,"column":7},"end":{"line":8,"column":null}},"3":{"start":{"line":6,"column":25},"end":{"line":6,"column":47}},"4":{"start":{"line":7,"column":28},"end":{"line":7,"column":53}},"5":{"start":{"line":5,"column":13},"end":{"line":5,"column":26}},"6":{"start":{"line":5,"column":13},"end":{"line":8,"column":null}}},"fnMap":{"0":{"name":"(anonymous_1)","decl":{"start":{"line":6,"column":2},"end":{"line":6,"column":7}},"loc":{"start":{"line":6,"column":20},"end":{"line":6,"column":49}}},"1":{"name":"(anonymous_2)","decl":{"start":{"line":7,"column":2},"end":{"line":7,"column":7}},"loc":{"start":{"line":7,"column":23},"end":{"line":7,"column":55}}}},"branchMap":{},"s":{"0":1,"1":1,"2":1,"3":0,"4":0,"5":1,"6":1},"f":{"0":0,"1":0},"b":{}}
,"C:\\Users\\x47th\\OneDrive\\Desktop\\biiiiiiiiiiiiigggggggggg labbbbbbbbbbbbb\\project-horizon\\src\\tenant\\tenant.guard.ts": {"path":"C:\\Users\\x47th\\OneDrive\\Desktop\\biiiiiiiiiiiiigggggggggg labbbbbbbbbbbbb\\project-horizon\\src\\tenant\\tenant.guard.ts","statementMap":{"0":{"start":{"line":1,"column":0},"end":{"line":1,"column":95}},"1":{"start":{"line":2,"column":0},"end":{"line":2,"column":57}},"2":{"start":{"line":5,"column":7},"end":{"line":18,"column":null}},"3":{"start":{"line":6,"column":22},"end":{"line":6,"column":30}},"4":{"start":{"line":9,"column":20},"end":{"line":9,"column":55}},"5":{"start":{"line":10,"column":17},"end":{"line":10,"column":29}},"6":{"start":{"line":11,"column":4},"end":{"line":13,"column":5}},"7":{"start":{"line":12,"column":6},"end":{"line":12,"column":55}},"8":{"start":{"line":15,"column":4},"end":{"line":15,"column":37}},"9":{"start":{"line":16,"column":4},"end":{"line":16,"column":16}},"10":{"start":{"line":5,"column":13},"end":{"line":5,"column":24}},"11":{"start":{"line":5,"column":13},"end":{"line":18,"column":null}}},"fnMap":{"0":{"name":"(anonymous_2)","decl":{"start":{"line":6,"column":2},"end":{"line":6,"column":22}},"loc":{"start":{"line":6,"column":43},"end":{"line":6,"column":47}}},"1":{"name":"(anonymous_3)","decl":{"start":{"line":8,"column":2},"end":{"line":8,"column":7}},"loc":{"start":{"line":8,"column":45},"end":{"line":17,"column":3}}}},"branchMap":{"0":{"loc":{"start":{"line":11,"column":4},"end":{"line":13,"column":5}},"type":"if","locations":[{"start":{"line":11,"column":4},"end":{"line":13,"column":5}},{"start":{},"end":{}}]},"1":{"loc":{"start":{"line":6,"column":30},"end":{"line":6,"column":46}},"type":"cond-expr","locations":[{"start":{"line":6,"column":43},"end":{"line":6,"column":46}},{"start":{"line":6,"column":43},"end":{"line":6,"column":46}}]},"2":{"loc":{"start":{"line":6,"column":30},"end":{"line":6,"column":43}},"type":"binary-expr","locations":[{"start":{"line":6,"column":30},"end":{"line":6,"column":46}},{"start":{"line":6,"column":30},"end":{"line":6,"column":43}}]}},"s":{"0":0,"1":0,"2":0,"3":0,"4":0,"5":0,"6":0,"7":0,"8":0,"9":0,"10":0,"11":0},"f":{"0":0,"1":0},"b":{"0":[0,0],"1":[0,0],"2":[0,0]}}
}
