TN:
SF:src\app.controller.ts
FN:6,(anonymous_2)
FN:9,(anonymous_3)
FNF:2
FNH:2
FNDA:1,(anonymous_2)
FNDA:1,(anonymous_3)
DA:1,1
DA:2,1
DA:5,1
DA:6,1
DA:9,1
DA:10,1
LF:6
LH:6
BRDA:6,0,0,1
BRDA:6,0,1,0
BRDA:6,1,0,1
BRDA:6,1,1,1
BRF:4
BRH:3
end_of_record
TN:
SF:src\app.service.ts
FN:5,(anonymous_1)
FNF:1
FNH:1
FNDA:1,(anonymous_1)
DA:1,1
DA:4,1
DA:6,1
LF:3
LH:3
BRF:0
BRH:0
end_of_record
TN:
SF:src\auth\auth.controller.ts
FN:6,(anonymous_4)
FN:9,(anonymous_5)
FN:14,(anonymous_6)
FNF:3
FNH:0
FNDA:0,(anonymous_4)
FNDA:0,(anonymous_5)
FNDA:0,(anonymous_6)
DA:1,0
DA:2,0
DA:5,0
DA:6,0
DA:9,0
DA:10,0
DA:14,0
DA:15,0
LF:8
LH:0
BRDA:6,0,0,0
BRDA:6,0,1,0
BRDA:6,1,0,0
BRDA:6,1,1,0
BRF:4
BRH:0
end_of_record
TN:
SF:src\auth\auth.service.ts
FN:8,(anonymous_11)
FN:13,(anonymous_12)
FN:22,(anonymous_13)
FN:30,(anonymous_14)
FNF:4
FNH:3
FNDA:2,(anonymous_11)
FNDA:1,(anonymous_12)
FNDA:0,(anonymous_13)
FNDA:1,(anonymous_14)
DA:1,1
DA:2,1
DA:3,1
DA:4,1
DA:7,1
DA:9,2
DA:10,2
DA:14,1
DA:15,1
DA:16,1
DA:19,1
DA:23,0
DA:24,0
DA:25,0
DA:26,0
DA:27,0
DA:31,1
DA:32,1
LF:18
LH:13
BRDA:24,0,0,0
BRDA:24,0,1,0
BRDA:26,1,0,0
BRDA:26,1,1,0
BRDA:9,2,0,1
BRDA:9,2,1,0
BRDA:9,3,0,1
BRDA:9,3,1,1
BRDA:9,4,0,1
BRDA:9,4,1,0
BRDA:9,5,0,1
BRDA:9,5,1,1
BRF:12
BRH:6
end_of_record
TN:
SF:src\auth\jwt.strategy.ts
FN:7,(anonymous_2)
FN:14,(anonymous_3)
FNF:2
FNH:0
FNDA:0,(anonymous_2)
FNDA:0,(anonymous_3)
DA:1,0
DA:2,0
DA:3,0
DA:6,0
DA:8,0
DA:15,0
LF:6
LH:0
BRDA:10,0,0,0
BRDA:10,0,1,0
BRF:2
BRH:0
end_of_record
TN:
SF:src\crm\company.controller.ts
FN:9,(anonymous_4)
FN:12,(anonymous_5)
FN:17,(anonymous_6)
FN:22,(anonymous_7)
FN:27,(anonymous_8)
FN:33,(anonymous_9)
FNF:6
FNH:0
FNDA:0,(anonymous_4)
FNDA:0,(anonymous_5)
FNDA:0,(anonymous_6)
FNDA:0,(anonymous_7)
FNDA:0,(anonymous_8)
FNDA:0,(anonymous_9)
DA:1,0
DA:2,0
DA:3,0
DA:4,0
DA:8,0
DA:9,0
DA:12,0
DA:13,0
DA:17,0
DA:18,0
DA:22,0
DA:23,0
DA:27,0
DA:28,0
DA:29,0
DA:33,0
DA:34,0
DA:35,0
LF:18
LH:0
BRDA:9,0,0,0
BRDA:9,0,1,0
BRDA:9,1,0,0
BRDA:9,1,1,0
BRF:4
BRH:0
end_of_record
TN:
SF:src\crm\contact.controller.ts
FN:9,(anonymous_4)
FN:12,(anonymous_5)
FN:17,(anonymous_6)
FN:22,(anonymous_7)
FN:27,(anonymous_8)
FN:33,(anonymous_9)
FNF:6
FNH:0
FNDA:0,(anonymous_4)
FNDA:0,(anonymous_5)
FNDA:0,(anonymous_6)
FNDA:0,(anonymous_7)
FNDA:0,(anonymous_8)
FNDA:0,(anonymous_9)
DA:1,0
DA:2,0
DA:3,0
DA:4,0
DA:8,0
DA:9,0
DA:12,0
DA:13,0
DA:17,0
DA:18,0
DA:22,0
DA:23,0
DA:27,0
DA:28,0
DA:29,0
DA:33,0
DA:34,0
DA:35,0
LF:18
LH:0
BRDA:9,0,0,0
BRDA:9,0,1,0
BRDA:9,1,0,0
BRDA:9,1,1,0
BRF:4
BRH:0
end_of_record
TN:
SF:src\crm\deal.controller.ts
FN:9,(anonymous_4)
FN:12,(anonymous_5)
FN:17,(anonymous_6)
FN:22,(anonymous_7)
FN:27,(anonymous_8)
FN:33,(anonymous_9)
FNF:6
FNH:0
FNDA:0,(anonymous_4)
FNDA:0,(anonymous_5)
FNDA:0,(anonymous_6)
FNDA:0,(anonymous_7)
FNDA:0,(anonymous_8)
FNDA:0,(anonymous_9)
DA:1,0
DA:2,0
DA:3,0
DA:4,0
DA:8,0
DA:9,0
DA:12,0
DA:13,0
DA:17,0
DA:18,0
DA:22,0
DA:23,0
DA:27,0
DA:28,0
DA:29,0
DA:33,0
DA:34,0
DA:35,0
LF:18
LH:0
BRDA:9,0,0,0
BRDA:9,0,1,0
BRDA:9,1,0,0
BRDA:9,1,1,0
BRF:4
BRH:0
end_of_record
TN:
SF:src\health\health.controller.ts
FN:8,(anonymous_2)
FN:11,(anonymous_3)
FN:16,(anonymous_4)
FN:26,(anonymous_5)
FNF:4
FNH:0
FNDA:0,(anonymous_2)
FNDA:0,(anonymous_3)
FNDA:0,(anonymous_4)
FNDA:0,(anonymous_5)
DA:1,0
DA:2,0
DA:3,0
DA:7,0
DA:8,0
DA:11,0
DA:12,0
DA:16,0
DA:17,0
DA:18,0
DA:19,0
DA:21,0
DA:26,0
DA:27,0
LF:14
LH:0
BRDA:8,0,0,0
BRDA:8,0,1,0
BRDA:8,1,0,0
BRDA:8,1,1,0
BRF:4
BRH:0
end_of_record
TN:
SF:src\prisma\prisma.service.ts
FN:6,(anonymous_1)
FN:7,(anonymous_2)
FNF:2
FNH:0
FNDA:0,(anonymous_1)
FNDA:0,(anonymous_2)
DA:1,1
DA:2,1
DA:5,1
DA:6,0
DA:7,0
LF:5
LH:3
BRF:0
BRH:0
end_of_record
TN:
SF:src\tenant\tenant.guard.ts
FN:6,(anonymous_2)
FN:8,(anonymous_3)
FNF:2
FNH:0
FNDA:0,(anonymous_2)
FNDA:0,(anonymous_3)
DA:1,0
DA:2,0
DA:5,0
DA:6,0
DA:9,0
DA:10,0
DA:11,0
DA:12,0
DA:15,0
DA:16,0
LF:10
LH:0
BRDA:11,0,0,0
BRDA:11,0,1,0
BRDA:6,1,0,0
BRDA:6,1,1,0
BRDA:6,2,0,0
BRDA:6,2,1,0
BRF:6
BRH:0
end_of_record
